<?xml version="1.0" encoding="UTF-8"?>
<testsuite name="SILab2Test" tests="1" skipped="0" failures="0" errors="0" timestamp="2022-06-02T21:17:28" hostname="DESKTOP-EFE7Q2B" time="0.016">
  <properties/>
  <testcase name="everyStatementTest()" classname="SILab2Test" time="0.016"/>
  <system-out><![CDATA[]]></system-out>
  <system-err><![CDATA[]]></system-err>
</testsuite>
